SF:lib\data\models\card_model.dart
DA:2,3
DA:20,2
DA:21,4
DA:22,2
DA:25,2
DA:26,2
DA:27,2
DA:28,2
DA:29,2
DA:30,2
DA:31,2
DA:32,2
DA:33,2
DA:37,2
DA:38,2
DA:39,2
DA:40,2
DA:41,2
DA:42,2
DA:43,2
DA:44,2
DA:45,4
LF:22
LH:22
end_of_record
SF:lib\data\models\schedule_model.dart
DA:4,1
DA:25,3
DA:26,3
DA:28,1
DA:29,1
DA:30,1
DA:31,1
DA:32,2
DA:33,1
DA:34,1
DA:35,1
DA:39,1
DA:40,1
DA:41,1
DA:42,1
DA:43,1
DA:44,2
DA:46,1
DA:47,2
DA:48,2
LF:20
LH:20
end_of_record
SF:lib\data\database.dart
DA:10,1
DA:17,1
DA:18,1
DA:23,2
DA:25,1
DA:26,1
DA:29,1
DA:30,1
DA:41,1
DA:47,1
DA:58,0
DA:59,0
DA:60,0
DA:63,0
DA:70,0
DA:71,0
LF:16
LH:10
end_of_record
SF:lib\data\repositories\card_repository.dart
DA:5,1
DA:6,1
DA:7,2
DA:10,1
DA:11,1
DA:12,1
DA:17,2
DA:20,1
DA:21,1
DA:22,1
DA:27,2
DA:30,1
DA:31,1
DA:32,2
DA:33,2
DA:34,2
DA:37,1
DA:38,1
DA:39,1
DA:41,1
DA:43,1
DA:47,1
DA:48,1
DA:49,1
DA:51,1
DA:56,4
DA:57,1
DA:59,1
DA:61,1
DA:66,1
DA:67,1
DA:68,1
DA:70,1
DA:75,4
DA:76,1
DA:78,1
DA:80,1
DA:82,2
DA:84,2
DA:89,1
DA:90,1
DA:91,3
DA:92,1
DA:94,1
DA:96,2
DA:100,2
DA:101,2
DA:102,4
DA:103,3
DA:104,1
DA:116,1
DA:118,2
DA:121,1
DA:122,1
DA:123,1
DA:126,2
LF:56
LH:56
end_of_record
SF:lib\data\templates.dart
DA:2,1
LF:1
LH:1
end_of_record
SF:lib\screens\timer\timer_screen.dart
DA:15,1
DA:19,1
DA:20,1
DA:36,1
DA:38,1
DA:39,4
DA:41,1
DA:42,2
DA:44,2
DA:47,1
DA:49,3
DA:50,2
DA:53,2
DA:57,2
DA:58,1
DA:62,1
DA:65,1
DA:67,2
DA:68,2
DA:69,2
DA:70,1
DA:71,2
DA:72,1
DA:75,0
DA:77,0
DA:80,1
DA:81,2
DA:82,0
DA:83,0
DA:84,0
DA:85,0
DA:87,0
DA:88,0
DA:89,0
DA:90,0
DA:96,0
DA:97,0
DA:98,0
DA:99,0
DA:102,0
DA:103,0
DA:104,0
DA:105,0
DA:106,0
DA:109,0
DA:110,0
DA:111,0
DA:113,0
DA:117,0
DA:118,0
DA:119,0
DA:120,0
DA:124,0
DA:125,0
DA:126,0
DA:129,0
DA:130,0
DA:133,0
DA:134,0
DA:135,0
DA:138,0
DA:140,0
DA:142,0
DA:144,0
DA:145,0
DA:149,0
DA:151,0
DA:152,0
DA:154,0
DA:155,0
DA:156,0
DA:157,0
DA:162,0
DA:167,0
DA:168,0
DA:169,0
DA:170,0
DA:173,1
DA:174,3
DA:175,3
DA:176,1
DA:179,1
DA:181,1
DA:182,2
DA:183,1
DA:184,1
DA:185,1
DA:186,2
DA:188,1
DA:189,2
DA:197,1
DA:198,1
DA:199,1
DA:200,1
DA:201,1
DA:203,1
DA:204,1
DA:206,1
DA:207,3
DA:215,1
DA:216,3
DA:217,1
DA:218,2
DA:223,1
DA:224,1
DA:225,1
DA:237,1
DA:238,0
DA:242,0
DA:243,0
DA:246,0
DA:247,0
DA:257,0
DA:258,0
DA:259,0
DA:260,0
DA:270,3
DA:272,0
DA:274,0
DA:276,0
DA:279,0
DA:287,0
DA:289,0
DA:290,0
LF:124
LH:56
end_of_record
SF:lib\data\repositories\schedule_repository.dart
DA:5,0
DA:6,0
DA:7,0
DA:10,0
DA:11,0
DA:12,0
DA:13,0
DA:16,0
DA:17,0
DA:18,0
DA:21,0
DA:23,0
DA:26,0
DA:27,0
DA:28,0
DA:31,0
DA:32,0
DA:33,0
DA:35,0
DA:37,0
LF:20
LH:0
end_of_record
SF:lib\providers\cards_provider.dart
DA:9,0
DA:10,0
DA:12,0
DA:13,0
DA:16,0
DA:17,0
DA:18,0
DA:21,0
DA:22,0
DA:23,0
DA:26,0
DA:28,0
DA:29,0
DA:30,0
DA:33,0
DA:34,0
DA:35,0
DA:36,0
DA:39,0
DA:40,0
DA:41,0
DA:44,1
DA:45,2
DA:48,0
DA:49,0
DA:53,3
LF:26
LH:3
end_of_record
SF:lib\routes.dart
DA:3,0
DA:4,0
DA:5,0
DA:6,0
LF:4
LH:0
end_of_record
SF:lib\screens\deck\deck_screen.dart
DA:13,3
DA:15,1
DA:16,1
DA:25,1
DA:27,1
DA:28,2
DA:29,2
DA:32,1
DA:34,2
DA:35,1
DA:38,0
DA:40,0
DA:47,1
DA:49,5
DA:50,1
DA:52,1
DA:53,1
DA:54,1
DA:55,1
DA:60,1
DA:61,1
DA:62,3
DA:63,1
DA:64,0
DA:65,0
DA:69,0
DA:70,0
DA:71,0
DA:72,0
DA:73,0
DA:78,0
DA:80,0
DA:86,0
DA:87,0
DA:88,0
DA:89,0
DA:90,0
DA:91,0
DA:92,0
DA:96,0
DA:97,0
DA:98,0
DA:99,0
DA:100,0
DA:106,0
DA:108,0
DA:111,0
DA:112,0
DA:113,0
DA:114,0
DA:117,0
DA:118,0
DA:119,0
DA:120,0
DA:121,0
DA:122,0
DA:126,0
DA:128,1
DA:130,3
DA:132,1
DA:133,1
DA:134,2
DA:136,1
DA:138,1
DA:141,1
DA:142,1
DA:149,1
DA:150,1
DA:152,1
DA:153,1
DA:160,1
DA:161,1
DA:163,2
DA:165,1
DA:166,2
DA:167,1
DA:172,1
DA:173,1
DA:174,1
DA:177,1
DA:178,1
DA:191,1
DA:194,1
DA:195,0
DA:196,0
DA:197,0
DA:199,0
DA:216,1
DA:217,1
DA:218,1
DA:219,1
DA:224,1
DA:225,1
DA:226,1
DA:227,1
DA:228,2
DA:230,1
DA:233,1
DA:235,1
DA:242,0
DA:243,0
DA:245,1
DA:247,0
DA:257,0
DA:258,0
DA:259,0
DA:260,0
DA:262,0
DA:265,0
DA:266,0
DA:274,0
DA:275,0
DA:276,0
DA:278,0
DA:279,0
DA:280,0
DA:287,0
DA:288,0
DA:290,0
DA:293,0
DA:294,0
DA:307,0
DA:308,0
DA:309,0
DA:311,0
DA:314,0
DA:316,0
DA:318,0
DA:320,0
DA:321,0
DA:322,0
DA:323,0
DA:325,0
DA:327,0
DA:328,0
DA:335,0
DA:337,0
DA:338,0
DA:339,0
DA:340,0
DA:341,0
DA:342,0
DA:343,0
DA:349,0
DA:350,0
DA:351,0
DA:352,0
DA:353,0
DA:354,0
DA:355,0
DA:357,0
DA:372,1
DA:373,1
DA:374,1
DA:376,1
DA:383,1
DA:386,1
DA:387,1
DA:401,1
DA:406,1
DA:408,1
DA:410,1
DA:412,3
DA:413,1
DA:414,1
DA:415,1
DA:416,1
DA:418,1
DA:420,1
DA:422,1
DA:423,1
DA:424,1
DA:425,1
DA:427,1
DA:428,1
DA:429,2
DA:434,5
DA:435,1
DA:437,1
DA:438,2
DA:448,1
DA:453,1
DA:455,1
DA:457,3
DA:471,0
DA:476,0
DA:478,0
DA:480,0
DA:483,0
DA:489,0
DA:491,0
DA:493,0
DA:494,0
DA:495,0
DA:496,0
DA:502,0
DA:504,0
DA:505,0
DA:519,0
DA:523,0
DA:528,0
DA:529,0
DA:536,0
DA:537,0
DA:543,0
DA:545,0
DA:549,0
DA:550,0
DA:551,0
DA:552,0
DA:559,0
DA:560,0
DA:563,0
DA:564,0
DA:580,0
DA:581,0
DA:584,0
DA:585,0
DA:586,0
DA:593,0
DA:595,0
DA:598,0
DA:599,0
DA:601,0
DA:603,0
DA:605,0
DA:606,0
DA:621,0
DA:626,0
DA:628,0
DA:629,0
DA:630,0
DA:635,0
DA:636,0
DA:637,0
DA:638,0
DA:640,0
DA:641,0
DA:642,0
DA:643,0
DA:648,0
DA:667,0
DA:672,0
DA:673,0
DA:683,0
DA:685,0
DA:686,0
DA:687,0
DA:688,0
DA:692,0
DA:694,0
DA:695,0
DA:696,0
DA:697,0
DA:700,0
DA:701,0
DA:702,0
DA:703,0
DA:705,0
DA:706,0
DA:707,0
DA:708,0
DA:709,0
DA:711,0
DA:715,0
DA:716,0
DA:718,0
DA:719,0
DA:720,0
DA:729,0
DA:731,0
DA:732,0
DA:733,0
DA:737,0
DA:739,0
DA:742,0
DA:745,0
DA:746,0
DA:749,0
DA:753,0
DA:754,0
DA:755,0
DA:756,0
DA:759,0
DA:764,0
DA:767,0
DA:768,0
DA:771,0
DA:772,0
DA:773,0
DA:779,0
DA:780,0
DA:786,0
DA:789,0
DA:791,0
DA:794,0
DA:795,0
DA:797,0
DA:798,0
LF:299
LH:93
end_of_record
SF:lib\theme.dart
DA:94,0
DA:95,0
DA:115,0
DA:116,0
DA:122,0
DA:123,0
DA:128,0
DA:129,0
LF:8
LH:0
end_of_record
SF:lib\screens\settings\settings_screen.dart
DA:8,3
DA:10,0
DA:11,0
DA:19,0
DA:21,0
DA:22,0
DA:25,0
DA:27,0
DA:28,0
DA:29,0
DA:30,0
DA:33,0
DA:37,0
DA:39,0
DA:40,0
DA:42,0
DA:43,0
DA:50,0
DA:51,0
DA:52,0
DA:53,0
DA:59,0
DA:60,0
DA:61,0
DA:62,0
DA:65,0
DA:66,0
DA:67,0
DA:73,0
DA:75,0
DA:76,0
DA:78,0
DA:79,0
DA:80,0
DA:81,0
DA:86,0
DA:88,0
DA:89,0
DA:90,0
DA:92,0
DA:93,0
DA:100,0
DA:101,0
DA:102,0
DA:105,0
DA:106,0
DA:123,0
DA:130,0
DA:132,0
DA:135,0
DA:136,0
DA:142,0
DA:143,0
DA:144,0
DA:149,0
DA:154,0
DA:155,0
DA:156,0
DA:157,0
DA:158,0
DA:170,0
DA:180,0
DA:182,0
DA:184,0
DA:189,0
DA:191,0
DA:193,0
DA:194,0
DA:195,0
DA:196,0
DA:198,0
DA:199,0
DA:200,0
DA:205,0
DA:206,0
DA:208,0
DA:209,0
DA:216,0
DA:217,0
DA:219,0
DA:220,0
DA:221,0
DA:229,0
DA:230,0
DA:232,0
DA:233,0
LF:86
LH:1
end_of_record
SF:lib\services\notification_service.dart
DA:31,0
DA:32,0
DA:37,0
DA:38,0
DA:39,0
DA:50,0
DA:52,0
DA:54,0
DA:57,0
DA:64,0
DA:65,0
DA:66,0
DA:70,0
DA:78,0
DA:79,0
DA:83,0
DA:92,0
DA:93,0
DA:94,0
DA:96,0
DA:97,0
DA:99,0
DA:100,0
DA:102,0
DA:104,0
DA:105,0
DA:106,0
DA:107,0
DA:109,0
DA:110,0
DA:111,0
DA:112,0
DA:118,0
DA:119,0
DA:121,0
DA:122,0
DA:123,0
DA:124,0
DA:126,0
DA:128,0
DA:131,0
DA:137,0
DA:138,0
DA:139,0
DA:140,0
DA:143,0
DA:144,0
DA:146,0
DA:147,0
DA:148,0
DA:149,0
DA:150,0
DA:153,0
DA:154,0
DA:155,0
DA:157,0
DA:164,0
LF:57
LH:0
end_of_record
SF:lib\screens\onboarding\onboarding_goal_screen.dart
DA:7,1
DA:9,1
DA:10,1
DA:16,1
DA:18,2
DA:19,1
DA:22,0
DA:23,0
DA:24,0
DA:25,0
DA:26,0
DA:30,1
DA:32,1
DA:33,1
DA:34,1
DA:36,1
DA:38,1
DA:40,1
DA:43,1
DA:44,0
DA:68,1
DA:69,1
DA:76,0
DA:80,3
DA:83,1
DA:85,1
DA:88,1
DA:89,4
DA:91,1
LF:29
LH:22
end_of_record
SF:lib\screens\onboarding\onboarding_action_screen.dart
DA:7,1
DA:11,1
DA:12,1
DA:18,1
DA:20,2
DA:21,1
DA:24,0
DA:25,0
DA:26,0
DA:27,0
DA:28,0
DA:29,0
DA:30,0
DA:35,1
DA:37,1
DA:38,1
DA:39,1
DA:41,1
DA:43,1
DA:45,1
DA:48,1
DA:49,0
DA:63,1
DA:64,2
DA:80,1
DA:81,1
DA:88,0
DA:92,3
DA:95,1
DA:97,1
DA:100,1
DA:101,4
DA:103,1
LF:33
LH:24
end_of_record
SF:lib\screens\onboarding\onboarding_confirm_screen.dart
DA:13,0
DA:22,0
DA:24,0
DA:31,0
DA:33,0
DA:34,0
DA:35,0
DA:36,0
DA:37,0
DA:42,0
DA:43,0
DA:44,0
DA:47,0
DA:48,0
DA:58,0
DA:59,0
DA:60,0
DA:61,0
DA:62,0
DA:64,0
DA:67,0
DA:68,0
DA:69,0
DA:72,0
DA:73,0
DA:74,0
DA:75,0
DA:76,0
DA:78,0
DA:81,0
DA:82,0
DA:83,0
DA:86,0
DA:88,0
DA:89,0
DA:90,0
DA:92,0
DA:94,0
DA:96,0
DA:99,0
DA:100,0
DA:102,0
DA:121,0
DA:124,0
DA:126,0
DA:128,0
DA:131,0
DA:133,0
DA:136,0
DA:137,0
DA:138,0
DA:152,0
DA:154,0
DA:157,0
DA:158,0
LF:55
LH:0
end_of_record
